<?xml version="1.0" encoding="UTF-8"?>
<coverage generated="1745735474">
  <project timestamp="1745735474">
    <file name="C:\xampp8.0\htdocs\oai-pmh\src\DublinCorePlugin.php">
      <class name="Pslits\OaiPmh\DublinCorePlugin" namespace="global">
        <metrics complexity="7" methods="4" coveredmethods="0" conditionals="0" coveredconditionals="0" statements="13" coveredstatements="0" elements="17" coveredelements="0"/>
      </class>
      <line num="57" type="method" name="getMetadataPrefix" visibility="public" complexity="1" crap="2" count="0"/>
      <line num="59" type="stmt" count="0"/>
      <line num="62" type="method" name="getMetadataNamespace" visibility="public" complexity="1" crap="2" count="0"/>
      <line num="64" type="stmt" count="0"/>
      <line num="67" type="method" name="getSchema" visibility="public" complexity="1" crap="2" count="0"/>
      <line num="69" type="stmt" count="0"/>
      <line num="79" type="method" name="createMetadata" visibility="public" complexity="4" crap="20" count="0"/>
      <line num="81" type="stmt" count="0"/>
      <line num="82" type="stmt" count="0"/>
      <line num="83" type="stmt" count="0"/>
      <line num="84" type="stmt" count="0"/>
      <line num="85" type="stmt" count="0"/>
      <line num="87" type="stmt" count="0"/>
      <line num="88" type="stmt" count="0"/>
      <line num="89" type="stmt" count="0"/>
      <line num="90" type="stmt" count="0"/>
      <line num="95" type="stmt" count="0"/>
      <metrics loc="98" ncloc="62" classes="1" methods="4" coveredmethods="0" conditionals="0" coveredconditionals="0" statements="13" coveredstatements="0" elements="17" coveredelements="0"/>
    </file>
    <file name="C:\xampp8.0\htdocs\oai-pmh\src\MetadataFormatPlugin.php">
      <metrics loc="68" ncloc="19" classes="0" methods="0" coveredmethods="0" conditionals="0" coveredconditionals="0" statements="0" coveredstatements="0" elements="0" coveredelements="0"/>
    </file>
    <file name="C:\xampp8.0\htdocs\oai-pmh\src\OAIApplication.php">
      <class name="Pslits\OaiPmh\OAIApplication" namespace="global">
        <metrics complexity="3" methods="2" coveredmethods="0" conditionals="0" coveredconditionals="0" statements="9" coveredstatements="0" elements="11" coveredelements="0"/>
      </class>
      <line num="46" type="method" name="__construct" visibility="public" complexity="1" crap="2" count="0"/>
      <line num="48" type="stmt" count="0"/>
      <line num="56" type="method" name="run" visibility="public" complexity="2" crap="6" count="0"/>
      <line num="58" type="stmt" count="0"/>
      <line num="61" type="stmt" count="0"/>
      <line num="62" type="stmt" count="0"/>
      <line num="64" type="stmt" count="0"/>
      <line num="65" type="stmt" count="0"/>
      <line num="67" type="stmt" count="0"/>
      <line num="68" type="stmt" count="0"/>
      <line num="69" type="stmt" count="0"/>
      <metrics loc="75" ncloc="32" classes="1" methods="2" coveredmethods="0" conditionals="0" coveredconditionals="0" statements="9" coveredstatements="0" elements="11" coveredelements="0"/>
    </file>
    <file name="C:\xampp8.0\htdocs\oai-pmh\src\OAICommand.php">
      <class name="Pslits\OaiPmh\OAICommand" namespace="global">
        <metrics complexity="0" methods="0" coveredmethods="0" conditionals="0" coveredconditionals="0" statements="0" coveredstatements="0" elements="0" coveredelements="0"/>
      </class>
      <metrics loc="48" ncloc="12" classes="0" methods="0" coveredmethods="0" conditionals="0" coveredconditionals="0" statements="0" coveredstatements="0" elements="0" coveredelements="0"/>
    </file>
    <file name="C:\xampp8.0\htdocs\oai-pmh\src\OAIException.php">
      <class name="Pslits\OaiPmh\OAIException" namespace="global">
        <metrics complexity="6" methods="4" coveredmethods="4" conditionals="0" coveredconditionals="0" statements="6" coveredstatements="6" elements="10" coveredelements="10"/>
      </class>
      <line num="46" type="method" name="__construct" visibility="public" complexity="3" crap="3" count="9"/>
      <line num="48" type="stmt" count="9"/>
      <line num="50" type="stmt" count="9"/>
      <line num="51" type="stmt" count="1"/>
      <line num="61" type="method" name="add" visibility="public" complexity="1" crap="1" count="4"/>
      <line num="63" type="stmt" count="4"/>
      <line num="71" type="method" name="hasExceptions" visibility="public" complexity="1" crap="1" count="8"/>
      <line num="73" type="stmt" count="8"/>
      <line num="81" type="method" name="getExceptionList" visibility="public" complexity="1" crap="1" count="3"/>
      <line num="83" type="stmt" count="3"/>
      <metrics loc="86" ncloc="36" classes="1" methods="4" coveredmethods="4" conditionals="0" coveredconditionals="0" statements="6" coveredstatements="6" elements="10" coveredelements="10"/>
    </file>
    <file name="C:\xampp8.0\htdocs\oai-pmh\src\OAIListRecords.php">
      <class name="Pslits\OaiPmh\OAIListRecords" namespace="global">
        <metrics complexity="6" methods="3" coveredmethods="0" conditionals="0" coveredconditionals="0" statements="44" coveredstatements="0" elements="47" coveredelements="0"/>
      </class>
      <line num="58" type="method" name="__construct" visibility="public" complexity="1" crap="2" count="0"/>
      <line num="60" type="stmt" count="0"/>
      <line num="69" type="method" name="execute" visibility="public" complexity="4" crap="20" count="0"/>
      <line num="72" type="stmt" count="0"/>
      <line num="73" type="stmt" count="0"/>
      <line num="74" type="stmt" count="0"/>
      <line num="75" type="stmt" count="0"/>
      <line num="81" type="stmt" count="0"/>
      <line num="86" type="stmt" count="0"/>
      <line num="89" type="stmt" count="0"/>
      <line num="92" type="stmt" count="0"/>
      <line num="94" type="stmt" count="0"/>
      <line num="97" type="stmt" count="0"/>
      <line num="98" type="stmt" count="0"/>
      <line num="99" type="stmt" count="0"/>
      <line num="100" type="stmt" count="0"/>
      <line num="101" type="stmt" count="0"/>
      <line num="102" type="stmt" count="0"/>
      <line num="105" type="stmt" count="0"/>
      <line num="106" type="stmt" count="0"/>
      <line num="107" type="stmt" count="0"/>
      <line num="108" type="stmt" count="0"/>
      <line num="110" type="stmt" count="0"/>
      <line num="115" type="stmt" count="0"/>
      <line num="125" type="method" name="retrieveRecords" visibility="private" complexity="1" crap="2" count="0"/>
      <line num="128" type="stmt" count="0"/>
      <line num="129" type="stmt" count="0"/>
      <line num="130" type="stmt" count="0"/>
      <line num="131" type="stmt" count="0"/>
      <line num="132" type="stmt" count="0"/>
      <line num="133" type="stmt" count="0"/>
      <line num="134" type="stmt" count="0"/>
      <line num="135" type="stmt" count="0"/>
      <line num="136" type="stmt" count="0"/>
      <line num="137" type="stmt" count="0"/>
      <line num="138" type="stmt" count="0"/>
      <line num="139" type="stmt" count="0"/>
      <line num="140" type="stmt" count="0"/>
      <line num="141" type="stmt" count="0"/>
      <line num="142" type="stmt" count="0"/>
      <line num="143" type="stmt" count="0"/>
      <line num="144" type="stmt" count="0"/>
      <line num="145" type="stmt" count="0"/>
      <line num="146" type="stmt" count="0"/>
      <line num="147" type="stmt" count="0"/>
      <line num="148" type="stmt" count="0"/>
      <line num="150" type="stmt" count="0"/>
      <metrics loc="153" ncloc="84" classes="1" methods="3" coveredmethods="0" conditionals="0" coveredconditionals="0" statements="44" coveredstatements="0" elements="47" coveredelements="0"/>
    </file>
    <file name="C:\xampp8.0\htdocs\oai-pmh\src\OAIParsedQuery.php">
      <class name="Pslits\OaiPmh\OAIParsedQuery" namespace="global">
        <metrics complexity="11" methods="6" coveredmethods="6" conditionals="0" coveredconditionals="0" statements="20" coveredstatements="20" elements="26" coveredelements="26"/>
      </class>
      <line num="47" type="method" name="__construct" visibility="public" complexity="4" crap="4" count="16"/>
      <line num="50" type="stmt" count="16"/>
      <line num="51" type="stmt" count="1"/>
      <line num="54" type="stmt" count="15"/>
      <line num="55" type="stmt" count="15"/>
      <line num="56" type="stmt" count="2"/>
      <line num="59" type="stmt" count="14"/>
      <line num="60" type="stmt" count="14"/>
      <line num="61" type="stmt" count="14"/>
      <line num="62" type="stmt" count="14"/>
      <line num="73" type="method" name="getValuesByKey" visibility="public" complexity="1" crap="1" count="1"/>
      <line num="75" type="stmt" count="1"/>
      <line num="76" type="stmt" count="1"/>
      <line num="77" type="stmt" count="1"/>
      <line num="78" type="stmt" count="1"/>
      <line num="88" type="method" name="getFirstValue" visibility="public" complexity="3" crap="3" count="11"/>
      <line num="90" type="stmt" count="11"/>
      <line num="91" type="stmt" count="11"/>
      <line num="92" type="stmt" count="10"/>
      <line num="95" type="stmt" count="6"/>
      <line num="103" type="method" name="getKeys" visibility="public" complexity="1" crap="1" count="10"/>
      <line num="105" type="stmt" count="10"/>
      <line num="115" type="method" name="countKeyOccurrences" visibility="public" complexity="1" crap="1" count="9"/>
      <line num="117" type="stmt" count="9"/>
      <line num="125" type="method" name="toArray" visibility="public" complexity="1" crap="1" count="1"/>
      <line num="127" type="stmt" count="1"/>
      <metrics loc="130" ncloc="61" classes="1" methods="6" coveredmethods="6" conditionals="0" coveredconditionals="0" statements="20" coveredstatements="20" elements="26" coveredelements="26"/>
    </file>
    <file name="C:\xampp8.0\htdocs\oai-pmh\src\OAIRecordDTO.php">
      <class name="Pslits\OaiPmh\OAIRecordDTO" namespace="global">
        <metrics complexity="5" methods="5" coveredmethods="0" conditionals="0" coveredconditionals="0" statements="8" coveredstatements="0" elements="13" coveredelements="0"/>
      </class>
      <line num="66" type="method" name="__construct" visibility="public" complexity="1" crap="2" count="0"/>
      <line num="68" type="stmt" count="0"/>
      <line num="69" type="stmt" count="0"/>
      <line num="70" type="stmt" count="0"/>
      <line num="71" type="stmt" count="0"/>
      <line num="79" type="method" name="getIdentifier" visibility="public" complexity="1" crap="2" count="0"/>
      <line num="81" type="stmt" count="0"/>
      <line num="89" type="method" name="getDatestamp" visibility="public" complexity="1" crap="2" count="0"/>
      <line num="91" type="stmt" count="0"/>
      <line num="99" type="method" name="getSetSpec" visibility="public" complexity="1" crap="2" count="0"/>
      <line num="101" type="stmt" count="0"/>
      <line num="109" type="method" name="getMetadata" visibility="public" complexity="1" crap="2" count="0"/>
      <line num="111" type="stmt" count="0"/>
      <metrics loc="114" ncloc="46" classes="1" methods="5" coveredmethods="0" conditionals="0" coveredconditionals="0" statements="8" coveredstatements="0" elements="13" coveredelements="0"/>
    </file>
    <file name="C:\xampp8.0\htdocs\oai-pmh\src\OAIRepositoryDAO.php">
      <class name="Pslits\OaiPmh\OAIRepositoryDAO" namespace="global">
        <metrics complexity="2" methods="2" coveredmethods="0" conditionals="0" coveredconditionals="0" statements="23" coveredstatements="0" elements="25" coveredelements="0"/>
      </class>
      <line num="36" type="method" name="__construct" visibility="public" complexity="1" crap="2" count="0"/>
      <line num="38" type="stmt" count="0"/>
      <line num="45" type="method" name="getRecords" visibility="public" complexity="1" crap="2" count="0"/>
      <line num="47" type="stmt" count="0"/>
      <line num="49" type="stmt" count="0"/>
      <line num="50" type="stmt" count="0"/>
      <line num="51" type="stmt" count="0"/>
      <line num="52" type="stmt" count="0"/>
      <line num="53" type="stmt" count="0"/>
      <line num="54" type="stmt" count="0"/>
      <line num="55" type="stmt" count="0"/>
      <line num="57" type="stmt" count="0"/>
      <line num="58" type="stmt" count="0"/>
      <line num="59" type="stmt" count="0"/>
      <line num="60" type="stmt" count="0"/>
      <line num="61" type="stmt" count="0"/>
      <line num="62" type="stmt" count="0"/>
      <line num="63" type="stmt" count="0"/>
      <line num="65" type="stmt" count="0"/>
      <line num="66" type="stmt" count="0"/>
      <line num="67" type="stmt" count="0"/>
      <line num="68" type="stmt" count="0"/>
      <line num="69" type="stmt" count="0"/>
      <line num="70" type="stmt" count="0"/>
      <line num="72" type="stmt" count="0"/>
      <metrics loc="75" ncloc="44" classes="1" methods="2" coveredmethods="0" conditionals="0" coveredconditionals="0" statements="23" coveredstatements="0" elements="25" coveredelements="0"/>
    </file>
    <file name="C:\xampp8.0\htdocs\oai-pmh\src\OAIRequestDTO.php">
      <class name="Pslits\OaiPmh\OAIRequestDTO" namespace="global">
        <metrics complexity="23" methods="10" coveredmethods="6" conditionals="0" coveredconditionals="0" statements="41" coveredstatements="34" elements="51" coveredelements="40"/>
      </class>
      <line num="96" type="method" name="__construct" visibility="public" complexity="3" crap="3.01" count="8"/>
      <line num="98" type="stmt" count="8"/>
      <line num="99" type="stmt" count="8"/>
      <line num="101" type="stmt" count="0"/>
      <line num="104" type="stmt" count="8"/>
      <line num="105" type="stmt" count="8"/>
      <line num="107" type="stmt" count="8"/>
      <line num="108" type="stmt" count="3"/>
      <line num="111" type="stmt" count="5"/>
      <line num="112" type="stmt" count="5"/>
      <line num="120" type="method" name="getVerb" visibility="public" complexity="1" crap="1" count="5"/>
      <line num="122" type="stmt" count="5"/>
      <line num="130" type="method" name="getMetadataPrefix" visibility="public" complexity="1" crap="2" count="0"/>
      <line num="132" type="stmt" count="0"/>
      <line num="140" type="method" name="isVerbInRequestArguments" visibility="private" complexity="1" crap="1" count="8"/>
      <line num="142" type="stmt" count="8"/>
      <line num="150" type="method" name="validateVerbIsPresent" visibility="private" complexity="2" crap="2" count="8"/>
      <line num="152" type="stmt" count="8"/>
      <line num="153" type="stmt" count="1"/>
      <line num="162" type="method" name="validateVerbIsNotRepeated" visibility="private" complexity="3" crap="3" count="8"/>
      <line num="164" type="stmt" count="8"/>
      <line num="165" type="stmt" count="7"/>
      <line num="166" type="stmt" count="1"/>
      <line num="176" type="method" name="validateVerbIsSupported" visibility="private" complexity="4" crap="4" count="8"/>
      <line num="178" type="stmt" count="8"/>
      <line num="179" type="stmt" count="7"/>
      <line num="180" type="stmt" count="7"/>
      <line num="181" type="stmt" count="7"/>
      <line num="182" type="stmt" count="1"/>
      <line num="183" type="stmt" count="1"/>
      <line num="184" type="stmt" count="1"/>
      <line num="185" type="stmt" count="1"/>
      <line num="195" type="method" name="validateArgumentsAreLegal" visibility="private" complexity="3" crap="3.33" count="8"/>
      <line num="197" type="stmt" count="8"/>
      <line num="198" type="stmt" count="7"/>
      <line num="199" type="stmt" count="0"/>
      <line num="209" type="method" name="validateArgumentsAreNotRepeated" visibility="private" complexity="4" crap="6.00" count="8"/>
      <line num="211" type="stmt" count="8"/>
      <line num="213" type="stmt" count="8"/>
      <line num="214" type="stmt" count="8"/>
      <line num="216" type="stmt" count="8"/>
      <line num="217" type="stmt" count="0"/>
      <line num="218" type="stmt" count="0"/>
      <line num="219" type="stmt" count="0"/>
      <line num="220" type="stmt" count="0"/>
      <line num="230" type="method" name="validateQuery" visibility="private" complexity="1" crap="1" count="8"/>
      <line num="232" type="stmt" count="8"/>
      <line num="233" type="stmt" count="8"/>
      <line num="234" type="stmt" count="8"/>
      <line num="236" type="stmt" count="8"/>
      <line num="237" type="stmt" count="8"/>
      <metrics loc="240" ncloc="133" classes="1" methods="10" coveredmethods="6" conditionals="0" coveredconditionals="0" statements="41" coveredstatements="34" elements="51" coveredelements="40"/>
    </file>
    <file name="C:\xampp8.0\htdocs\oai-pmh\src\OAIRequestHandler.php">
      <class name="Pslits\OaiPmh\OAIRequestHandler" namespace="global">
        <metrics complexity="3" methods="2" coveredmethods="0" conditionals="0" coveredconditionals="0" statements="7" coveredstatements="0" elements="9" coveredelements="0"/>
      </class>
      <line num="51" type="method" name="__construct" visibility="public" complexity="1" crap="2" count="0"/>
      <line num="53" type="stmt" count="0"/>
      <line num="54" type="stmt" count="0"/>
      <line num="55" type="stmt" count="0"/>
      <line num="64" type="method" name="handleRequest" visibility="public" complexity="2" crap="6" count="0"/>
      <line num="66" type="stmt" count="0"/>
      <line num="68" type="stmt" count="0"/>
      <line num="69" type="stmt" count="0"/>
      <line num="71" type="stmt" count="0"/>
      <metrics loc="75" ncloc="30" classes="1" methods="2" coveredmethods="0" conditionals="0" coveredconditionals="0" statements="7" coveredstatements="0" elements="9" coveredelements="0"/>
    </file>
    <file name="C:\xampp8.0\htdocs\oai-pmh\src\OAIView.php">
      <class name="Pslits\OaiPmh\OAIView" namespace="global">
        <metrics complexity="11" methods="6" coveredmethods="0" conditionals="0" coveredconditionals="0" statements="50" coveredstatements="0" elements="56" coveredelements="0"/>
      </class>
      <line num="54" type="method" name="__construct" visibility="public" complexity="1" crap="2" count="0"/>
      <line num="56" type="stmt" count="0"/>
      <line num="57" type="stmt" count="0"/>
      <line num="65" type="method" name="createRoot" visibility="private" complexity="1" crap="2" count="0"/>
      <line num="67" type="stmt" count="0"/>
      <line num="68" type="stmt" count="0"/>
      <line num="69" type="stmt" count="0"/>
      <line num="70" type="stmt" count="0"/>
      <line num="71" type="stmt" count="0"/>
      <line num="72" type="stmt" count="0"/>
      <line num="73" type="stmt" count="0"/>
      <line num="74" type="stmt" count="0"/>
      <line num="75" type="stmt" count="0"/>
      <line num="76" type="stmt" count="0"/>
      <line num="77" type="stmt" count="0"/>
      <line num="78" type="stmt" count="0"/>
      <line num="79" type="stmt" count="0"/>
      <line num="81" type="stmt" count="0"/>
      <line num="82" type="stmt" count="0"/>
      <line num="84" type="stmt" count="0"/>
      <line num="93" type="method" name="createRequestElement" visibility="public" complexity="2" crap="6" count="0"/>
      <line num="95" type="stmt" count="0"/>
      <line num="98" type="stmt" count="0"/>
      <line num="99" type="stmt" count="0"/>
      <line num="102" type="stmt" count="0"/>
      <line num="103" type="stmt" count="0"/>
      <line num="104" type="stmt" count="0"/>
      <line num="105" type="stmt" count="0"/>
      <line num="114" type="method" name="renderError" visibility="public" complexity="5" crap="30" count="0"/>
      <line num="116" type="stmt" count="0"/>
      <line num="118" type="stmt" count="0"/>
      <line num="121" type="stmt" count="0"/>
      <line num="122" type="stmt" count="0"/>
      <line num="125" type="stmt" count="0"/>
      <line num="128" type="stmt" count="0"/>
      <line num="129" type="stmt" count="0"/>
      <line num="130" type="stmt" count="0"/>
      <line num="133" type="stmt" count="0"/>
      <line num="136" type="stmt" count="0"/>
      <line num="137" type="stmt" count="0"/>
      <line num="138" type="stmt" count="0"/>
      <line num="139" type="stmt" count="0"/>
      <line num="140" type="stmt" count="0"/>
      <line num="144" type="stmt" count="0"/>
      <line num="145" type="stmt" count="0"/>
      <line num="154" type="method" name="renderResponse" visibility="public" complexity="1" crap="2" count="0"/>
      <line num="156" type="stmt" count="0"/>
      <line num="158" type="stmt" count="0"/>
      <line num="159" type="stmt" count="0"/>
      <line num="161" type="stmt" count="0"/>
      <line num="162" type="stmt" count="0"/>
      <line num="164" type="stmt" count="0"/>
      <line num="165" type="stmt" count="0"/>
      <line num="171" type="method" name="output" visibility="private" complexity="1" crap="2" count="0"/>
      <line num="173" type="stmt" count="0"/>
      <line num="174" type="stmt" count="0"/>
      <metrics loc="177" ncloc="106" classes="1" methods="6" coveredmethods="0" conditionals="0" coveredconditionals="0" statements="50" coveredstatements="0" elements="56" coveredelements="0"/>
    </file>
    <metrics files="12" loc="1339" ncloc="665" classes="10" methods="44" coveredmethods="16" conditionals="0" coveredconditionals="0" statements="221" coveredstatements="60" elements="265" coveredelements="76"/>
  </project>
</coverage>
